1479763432664	addons.xpi	WARN	Ignoring missing add-on in C:\Users\c8757151\AppData\Local\GAS Tecnologia\GBBD\bb\xpi
console.error: wikiwand: 
  wikiwand main
1479763438282	FirefoxAccounts	ERROR	Could not retrieve profile data: {"name":"FxAccountsProfileClientError","code":null,"errno":998,"error":"NETWORK_ERROR","message":"[Exception... \"NS_ERROR_PROXY_CONNECTION_REFUSED\"  nsresult: \"0x804b0048 (NS_ERROR_PROXY_CONNECTION_REFUSED)\"  location: \"JS frame :: resource://services-common/rest.js :: onStopRequest :: line 483\"  data: no]"}
1479763438283	FirefoxAccounts	ERROR	FxA rejecting with error NETWORK_ERROR, details: {"name":"FxAccountsProfileClientError","code":null,"errno":998,"error":"NETWORK_ERROR","message":"[Exception... \"NS_ERROR_PROXY_CONNECTION_REFUSED\"  nsresult: \"0x804b0048 (NS_ERROR_PROXY_CONNECTION_REFUSED)\"  location: \"JS frame :: resource://services-common/rest.js :: onStopRequest :: line 483\"  data: no]"}
console.error: wikiwand: 
  content script start
1479763444632	FirefoxAccounts	ERROR	Could not retrieve profile data: {"name":"FxAccountsProfileClientError","code":null,"errno":998,"error":"NETWORK_ERROR","message":"[Exception... \"NS_ERROR_PROXY_CONNECTION_REFUSED\"  nsresult: \"0x804b0048 (NS_ERROR_PROXY_CONNECTION_REFUSED)\"  location: \"JS frame :: resource://services-common/rest.js :: onStopRequest :: line 483\"  data: no]"}
1479763444632	FirefoxAccounts	ERROR	Could not retrieve profile data: {"name":"FxAccountsProfileClientError","code":null,"errno":998,"error":"NETWORK_ERROR","message":"[Exception... \"NS_ERROR_PROXY_CONNECTION_REFUSED\"  nsresult: \"0x804b0048 (NS_ERROR_PROXY_CONNECTION_REFUSED)\"  location: \"JS frame :: resource://services-common/rest.js :: onStopRequest :: line 483\"  data: no]"}
1479763444633	FirefoxAccounts	ERROR	FxA rejecting with error NETWORK_ERROR, details: {"name":"FxAccountsProfileClientError","code":null,"errno":998,"error":"NETWORK_ERROR","message":"[Exception... \"NS_ERROR_PROXY_CONNECTION_REFUSED\"  nsresult: \"0x804b0048 (NS_ERROR_PROXY_CONNECTION_REFUSED)\"  location: \"JS frame :: resource://services-common/rest.js :: onStopRequest :: line 483\"  data: no]"}
1479763444633	FirefoxAccounts	ERROR	FxA rejecting with error NETWORK_ERROR, details: {"name":"FxAccountsProfileClientError","code":null,"errno":998,"error":"NETWORK_ERROR","message":"[Exception... \"NS_ERROR_PROXY_CONNECTION_REFUSED\"  nsresult: \"0x804b0048 (NS_ERROR_PROXY_CONNECTION_REFUSED)\"  location: \"JS frame :: resource://services-common/rest.js :: onStopRequest :: line 483\"  data: no]"}
1479763449694	FirefoxAccounts	ERROR	error POSTing /certificate/sign: {"error":{},"errorString":"[Exception... \"NS_ERROR_PROXY_CONNECTION_REFUSED\"  nsresult: \"0x804b0048 (NS_ERROR_PROXY_CONNECTION_REFUSED)\"  location: \"JS frame :: resource://services-common/rest.js :: onStopRequest :: line 483\"  data: no]","message":null,"code":null,"errno":null}
1479763449694	FirefoxAccounts	ERROR	error POSTing /certificate/sign: {"error":{},"errorString":"[Exception... \"NS_ERROR_PROXY_CONNECTION_REFUSED\"  nsresult: \"0x804b0048 (NS_ERROR_PROXY_CONNECTION_REFUSED)\"  location: \"JS frame :: resource://services-common/rest.js :: onStopRequest :: line 483\"  data: no]","message":null,"code":null,"errno":null}
1479763449695	FirefoxAccounts	ERROR	HAWK.signCertificate error: {"error":{},"errorString":"[Exception... \"NS_ERROR_PROXY_CONNECTION_REFUSED\"  nsresult: \"0x804b0048 (NS_ERROR_PROXY_CONNECTION_REFUSED)\"  location: \"JS frame :: resource://services-common/rest.js :: onStopRequest :: line 483\"  data: no]","message":null,"code":null,"errno":null}
1479763449695	FirefoxAccounts	ERROR	HAWK.signCertificate error: {"error":{},"errorString":"[Exception... \"NS_ERROR_PROXY_CONNECTION_REFUSED\"  nsresult: \"0x804b0048 (NS_ERROR_PROXY_CONNECTION_REFUSED)\"  location: \"JS frame :: resource://services-common/rest.js :: onStopRequest :: line 483\"  data: no]","message":null,"code":null,"errno":null}
1479763449695	Sync.BrowserIDManager	ERROR	Non-authentication error in _fetchTokenForUser: {"error":{},"errorString":"[Exception... \"NS_ERROR_PROXY_CONNECTION_REFUSED\"  nsresult: \"0x804b0048 (NS_ERROR_PROXY_CONNECTION_REFUSED)\"  location: \"JS frame :: resource://services-common/rest.js :: onStopRequest :: line 483\"  data: no]","message":null,"code":null,"errno":null}
1479763449695	Sync.BrowserIDManager	ERROR	Background fetch for key bundle failed: {"error":{},"errorString":"[Exception... \"NS_ERROR_PROXY_CONNECTION_REFUSED\"  nsresult: \"0x804b0048 (NS_ERROR_PROXY_CONNECTION_REFUSED)\"  location: \"JS frame :: resource://services-common/rest.js :: onStopRequest :: line 483\"  data: no]","message":null,"code":null,"errno":null}
1479763449696	Sync.BrowserIDManager	ERROR	Could not authenticate: {"error":{},"errorString":"[Exception... \"NS_ERROR_PROXY_CONNECTION_REFUSED\"  nsresult: \"0x804b0048 (NS_ERROR_PROXY_CONNECTION_REFUSED)\"  location: \"JS frame :: resource://services-common/rest.js :: onStopRequest :: line 483\"  data: no]","message":null,"code":null,"errno":null}
1479763449698	Sync.ErrorHandler	ERROR	Sync encountered a login error
1479763450959	FirefoxAccounts	ERROR	Could not retrieve profile data: {"name":"FxAccountsProfileClientError","code":null,"errno":998,"error":"NETWORK_ERROR","message":"[Exception... \"NS_ERROR_PROXY_CONNECTION_REFUSED\"  nsresult: \"0x804b0048 (NS_ERROR_PROXY_CONNECTION_REFUSED)\"  location: \"JS frame :: resource://services-common/rest.js :: onStopRequest :: line 483\"  data: no]"}
1479763450959	FirefoxAccounts	ERROR	Could not retrieve profile data: {"name":"FxAccountsProfileClientError","code":null,"errno":998,"error":"NETWORK_ERROR","message":"[Exception... \"NS_ERROR_PROXY_CONNECTION_REFUSED\"  nsresult: \"0x804b0048 (NS_ERROR_PROXY_CONNECTION_REFUSED)\"  location: \"JS frame :: resource://services-common/rest.js :: onStopRequest :: line 483\"  data: no]"}
1479763450960	FirefoxAccounts	ERROR	Could not retrieve profile data: {"name":"FxAccountsProfileClientError","code":null,"errno":998,"error":"NETWORK_ERROR","message":"[Exception... \"NS_ERROR_PROXY_CONNECTION_REFUSED\"  nsresult: \"0x804b0048 (NS_ERROR_PROXY_CONNECTION_REFUSED)\"  location: \"JS frame :: resource://services-common/rest.js :: onStopRequest :: line 483\"  data: no]"}
1479763450960	FirefoxAccounts	ERROR	Could not retrieve profile data: {"name":"FxAccountsProfileClientError","code":null,"errno":998,"error":"NETWORK_ERROR","message":"[Exception... \"NS_ERROR_PROXY_CONNECTION_REFUSED\"  nsresult: \"0x804b0048 (NS_ERROR_PROXY_CONNECTION_REFUSED)\"  location: \"JS frame :: resource://services-common/rest.js :: onStopRequest :: line 483\"  data: no]"}
1479763450961	FirefoxAccounts	ERROR	FxA rejecting with error NETWORK_ERROR, details: {"name":"FxAccountsProfileClientError","code":null,"errno":998,"error":"NETWORK_ERROR","message":"[Exception... \"NS_ERROR_PROXY_CONNECTION_REFUSED\"  nsresult: \"0x804b0048 (NS_ERROR_PROXY_CONNECTION_REFUSED)\"  location: \"JS frame :: resource://services-common/rest.js :: onStopRequest :: line 483\"  data: no]"}
1479763450961	FirefoxAccounts	ERROR	FxA rejecting with error NETWORK_ERROR, details: {"name":"FxAccountsProfileClientError","code":null,"errno":998,"error":"NETWORK_ERROR","message":"[Exception... \"NS_ERROR_PROXY_CONNECTION_REFUSED\"  nsresult: \"0x804b0048 (NS_ERROR_PROXY_CONNECTION_REFUSED)\"  location: \"JS frame :: resource://services-common/rest.js :: onStopRequest :: line 483\"  data: no]"}
1479763450962	FirefoxAccounts	ERROR	FxA rejecting with error NETWORK_ERROR, details: {"name":"FxAccountsProfileClientError","code":null,"errno":998,"error":"NETWORK_ERROR","message":"[Exception... \"NS_ERROR_PROXY_CONNECTION_REFUSED\"  nsresult: \"0x804b0048 (NS_ERROR_PROXY_CONNECTION_REFUSED)\"  location: \"JS frame :: resource://services-common/rest.js :: onStopRequest :: line 483\"  data: no]"}
1479763450962	FirefoxAccounts	ERROR	FxA rejecting with error NETWORK_ERROR, details: {"name":"FxAccountsProfileClientError","code":null,"errno":998,"error":"NETWORK_ERROR","message":"[Exception... \"NS_ERROR_PROXY_CONNECTION_REFUSED\"  nsresult: \"0x804b0048 (NS_ERROR_PROXY_CONNECTION_REFUSED)\"  location: \"JS frame :: resource://services-common/rest.js :: onStopRequest :: line 483\"  data: no]"}
1479763467004	addons.xpi	WARN	Ignoring missing add-on in C:\Users\c8757151\AppData\Local\GAS Tecnologia\GBBD\bb\xpi
console.error: wikiwand: 
  wikiwand main
1479763471670	FirefoxAccounts	ERROR	Could not retrieve profile data: {"name":"FxAccountsProfileClientError","code":null,"errno":998,"error":"NETWORK_ERROR","message":"[Exception... \"NS_ERROR_PROXY_CONNECTION_REFUSED\"  nsresult: \"0x804b0048 (NS_ERROR_PROXY_CONNECTION_REFUSED)\"  location: \"JS frame :: resource://services-common/rest.js :: onStopRequest :: line 483\"  data: no]"}
1479763471671	FirefoxAccounts	ERROR	FxA rejecting with error NETWORK_ERROR, details: {"name":"FxAccountsProfileClientError","code":null,"errno":998,"error":"NETWORK_ERROR","message":"[Exception... \"NS_ERROR_PROXY_CONNECTION_REFUSED\"  nsresult: \"0x804b0048 (NS_ERROR_PROXY_CONNECTION_REFUSED)\"  location: \"JS frame :: resource://services-common/rest.js :: onStopRequest :: line 483\"  data: no]"}
console.error: wikiwand: 
  content script start
1479763478990	FirefoxAccounts	ERROR	Could not retrieve profile data: {"name":"FxAccountsProfileClientError","code":null,"errno":998,"error":"NETWORK_ERROR","message":"[Exception... \"NS_ERROR_PROXY_CONNECTION_REFUSED\"  nsresult: \"0x804b0048 (NS_ERROR_PROXY_CONNECTION_REFUSED)\"  location: \"JS frame :: resource://services-common/rest.js :: onStopRequest :: line 483\"  data: no]"}
1479763478990	FirefoxAccounts	ERROR	Could not retrieve profile data: {"name":"FxAccountsProfileClientError","code":null,"errno":998,"error":"NETWORK_ERROR","message":"[Exception... \"NS_ERROR_PROXY_CONNECTION_REFUSED\"  nsresult: \"0x804b0048 (NS_ERROR_PROXY_CONNECTION_REFUSED)\"  location: \"JS frame :: resource://services-common/rest.js :: onStopRequest :: line 483\"  data: no]"}
1479763478992	FirefoxAccounts	ERROR	FxA rejecting with error NETWORK_ERROR, details: {"name":"FxAccountsProfileClientError","code":null,"errno":998,"error":"NETWORK_ERROR","message":"[Exception... \"NS_ERROR_PROXY_CONNECTION_REFUSED\"  nsresult: \"0x804b0048 (NS_ERROR_PROXY_CONNECTION_REFUSED)\"  location: \"JS frame :: resource://services-common/rest.js :: onStopRequest :: line 483\"  data: no]"}
1479763478992	FirefoxAccounts	ERROR	FxA rejecting with error NETWORK_ERROR, details: {"name":"FxAccountsProfileClientError","code":null,"errno":998,"error":"NETWORK_ERROR","message":"[Exception... \"NS_ERROR_PROXY_CONNECTION_REFUSED\"  nsresult: \"0x804b0048 (NS_ERROR_PROXY_CONNECTION_REFUSED)\"  location: \"JS frame :: resource://services-common/rest.js :: onStopRequest :: line 483\"  data: no]"}
1479763483906	FirefoxAccounts	ERROR	error POSTing /certificate/sign: {"error":{},"errorString":"[Exception... \"NS_ERROR_PROXY_CONNECTION_REFUSED\"  nsresult: \"0x804b0048 (NS_ERROR_PROXY_CONNECTION_REFUSED)\"  location: \"JS frame :: resource://services-common/rest.js :: onStopRequest :: line 483\"  data: no]","message":null,"code":null,"errno":null}
1479763483906	FirefoxAccounts	ERROR	error POSTing /certificate/sign: {"error":{},"errorString":"[Exception... \"NS_ERROR_PROXY_CONNECTION_REFUSED\"  nsresult: \"0x804b0048 (NS_ERROR_PROXY_CONNECTION_REFUSED)\"  location: \"JS frame :: resource://services-common/rest.js :: onStopRequest :: line 483\"  data: no]","message":null,"code":null,"errno":null}
1479763483906	FirefoxAccounts	ERROR	HAWK.signCertificate error: {"error":{},"errorString":"[Exception... \"NS_ERROR_PROXY_CONNECTION_REFUSED\"  nsresult: \"0x804b0048 (NS_ERROR_PROXY_CONNECTION_REFUSED)\"  location: \"JS frame :: resource://services-common/rest.js :: onStopRequest :: line 483\"  data: no]","message":null,"code":null,"errno":null}
1479763483906	FirefoxAccounts	ERROR	HAWK.signCertificate error: {"error":{},"errorString":"[Exception... \"NS_ERROR_PROXY_CONNECTION_REFUSED\"  nsresult: \"0x804b0048 (NS_ERROR_PROXY_CONNECTION_REFUSED)\"  location: \"JS frame :: resource://services-common/rest.js :: onStopRequest :: line 483\"  data: no]","message":null,"code":null,"errno":null}
1479763483906	Sync.BrowserIDManager	ERROR	Non-authentication error in _fetchTokenForUser: {"error":{},"errorString":"[Exception... \"NS_ERROR_PROXY_CONNECTION_REFUSED\"  nsresult: \"0x804b0048 (NS_ERROR_PROXY_CONNECTION_REFUSED)\"  location: \"JS frame :: resource://services-common/rest.js :: onStopRequest :: line 483\"  data: no]","message":null,"code":null,"errno":null}
1479763483907	Sync.BrowserIDManager	ERROR	Background fetch for key bundle failed: {"error":{},"errorString":"[Exception... \"NS_ERROR_PROXY_CONNECTION_REFUSED\"  nsresult: \"0x804b0048 (NS_ERROR_PROXY_CONNECTION_REFUSED)\"  location: \"JS frame :: resource://services-common/rest.js :: onStopRequest :: line 483\"  data: no]","message":null,"code":null,"errno":null}
1479763483907	Sync.BrowserIDManager	ERROR	Could not authenticate: {"error":{},"errorString":"[Exception... \"NS_ERROR_PROXY_CONNECTION_REFUSED\"  nsresult: \"0x804b0048 (NS_ERROR_PROXY_CONNECTION_REFUSED)\"  location: \"JS frame :: resource://services-common/rest.js :: onStopRequest :: line 483\"  data: no]","message":null,"code":null,"errno":null}
1479763483909	Sync.ErrorHandler	ERROR	Sync encountered a login error
1479763485202	FirefoxAccounts	ERROR	Could not retrieve profile data: {"name":"FxAccountsProfileClientError","code":null,"errno":998,"error":"NETWORK_ERROR","message":"[Exception... \"NS_ERROR_PROXY_CONNECTION_REFUSED\"  nsresult: \"0x804b0048 (NS_ERROR_PROXY_CONNECTION_REFUSED)\"  location: \"JS frame :: resource://services-common/rest.js :: onStopRequest :: line 483\"  data: no]"}
1479763485202	FirefoxAccounts	ERROR	Could not retrieve profile data: {"name":"FxAccountsProfileClientError","code":null,"errno":998,"error":"NETWORK_ERROR","message":"[Exception... \"NS_ERROR_PROXY_CONNECTION_REFUSED\"  nsresult: \"0x804b0048 (NS_ERROR_PROXY_CONNECTION_REFUSED)\"  location: \"JS frame :: resource://services-common/rest.js :: onStopRequest :: line 483\"  data: no]"}
1479763485203	FirefoxAccounts	ERROR	Could not retrieve profile data: {"name":"FxAccountsProfileClientError","code":null,"errno":998,"error":"NETWORK_ERROR","message":"[Exception... \"NS_ERROR_PROXY_CONNECTION_REFUSED\"  nsresult: \"0x804b0048 (NS_ERROR_PROXY_CONNECTION_REFUSED)\"  location: \"JS frame :: resource://services-common/rest.js :: onStopRequest :: line 483\"  data: no]"}
1479763485203	FirefoxAccounts	ERROR	Could not retrieve profile data: {"name":"FxAccountsProfileClientError","code":null,"errno":998,"error":"NETWORK_ERROR","message":"[Exception... \"NS_ERROR_PROXY_CONNECTION_REFUSED\"  nsresult: \"0x804b0048 (NS_ERROR_PROXY_CONNECTION_REFUSED)\"  location: \"JS frame :: resource://services-common/rest.js :: onStopRequest :: line 483\"  data: no]"}
1479763485204	FirefoxAccounts	ERROR	FxA rejecting with error NETWORK_ERROR, details: {"name":"FxAccountsProfileClientError","code":null,"errno":998,"error":"NETWORK_ERROR","message":"[Exception... \"NS_ERROR_PROXY_CONNECTION_REFUSED\"  nsresult: \"0x804b0048 (NS_ERROR_PROXY_CONNECTION_REFUSED)\"  location: \"JS frame :: resource://services-common/rest.js :: onStopRequest :: line 483\"  data: no]"}
1479763485204	FirefoxAccounts	ERROR	FxA rejecting with error NETWORK_ERROR, details: {"name":"FxAccountsProfileClientError","code":null,"errno":998,"error":"NETWORK_ERROR","message":"[Exception... \"NS_ERROR_PROXY_CONNECTION_REFUSED\"  nsresult: \"0x804b0048 (NS_ERROR_PROXY_CONNECTION_REFUSED)\"  location: \"JS frame :: resource://services-common/rest.js :: onStopRequest :: line 483\"  data: no]"}
1479763485204	FirefoxAccounts	ERROR	FxA rejecting with error NETWORK_ERROR, details: {"name":"FxAccountsProfileClientError","code":null,"errno":998,"error":"NETWORK_ERROR","message":"[Exception... \"NS_ERROR_PROXY_CONNECTION_REFUSED\"  nsresult: \"0x804b0048 (NS_ERROR_PROXY_CONNECTION_REFUSED)\"  location: \"JS frame :: resource://services-common/rest.js :: onStopRequest :: line 483\"  data: no]"}
1479763485204	FirefoxAccounts	ERROR	FxA rejecting with error NETWORK_ERROR, details: {"name":"FxAccountsProfileClientError","code":null,"errno":998,"error":"NETWORK_ERROR","message":"[Exception... \"NS_ERROR_PROXY_CONNECTION_REFUSED\"  nsresult: \"0x804b0048 (NS_ERROR_PROXY_CONNECTION_REFUSED)\"  location: \"JS frame :: resource://services-common/rest.js :: onStopRequest :: line 483\"  data: no]"}
console.error: wikiwand: 
  content script start
console.error: wikiwand: 
  content script start
1479763524996	addons.xpi	WARN	Ignoring missing add-on in C:\Users\c8757151\AppData\Local\GAS Tecnologia\GBBD\bb\xpi
console.error: wikiwand: 
  wikiwand main
console.error: wikiwand: 
  content script start
